<?xml version="1.0" encoding="UTF-8"?>
<!-- Generated by org.testng.reporters.JUnitReportReporter -->
<testsuite hostname="DESKTOP-7099VGE" failures="0" tests="2" name="ErrorValidations" time="16.368" errors="0" timestamp="2024-11-06T13:09:30 GMT-05:00" skipped="0">
  <testcase classname="ErrorValidations" name="SubmitOrder" time="4.902"/>
  <system-out/>
  <testcase classname="ErrorValidations" name="SubmitOrder" time="11.466"/>
  <system-out/>
</testsuite> <!-- ErrorValidations -->
